2023.11.26 15:36:18 INFO  Started: Metals version 1.1.0 in folders '/Users/mingma/fireworks' for client Visual Studio Code 1.84.2.
2023.11.26 15:36:19 WARN  Build server is not auto-connectable.
2023.11.26 15:36:31 WARN  no build target for: /Users/mingma/fireworks/src/main/scala/fireworks/Fireworks.scala
2023.11.26 15:36:38 INFO  no build target found for /Users/mingma/fireworks/src/main/scala/fireworks/Fireworks.scala. Using presentation compiler with project's scala-library version: 3.3.1
2023.11.26 15:36:41 INFO  time: code lens generation in 9.39s
2023.11.26 15:38:11 WARN  no build target for: /Users/mingma/fireworks/src/main/scala/fireworks/FireworksRunner.scala
2023.11.26 15:39:39 WARN  no build target for: /Users/mingma/fireworks/src/main/scala/fireworks/Fireworks.scala
Nov. 26, 2023 3:44:28 PM org.eclipse.lsp4j.jsonrpc.services.GenericEndpoint notify
INFO: Unsupported notification method: $/setTrace
Nov. 26, 2023 3:44:29 PM org.eclipse.lsp4j.jsonrpc.services.GenericEndpoint notify
INFO: Unsupported notification method: $/setTrace
2023.11.26 15:48:10 WARN  no build target for: /Users/mingma/fireworks/src/main/scala/fireworks/Fireworks.scala
2023.11.26 15:56:25 WARN  no build target for: /Users/mingma/fireworks/src/main/scala/fireworks/Fireworks.scala
2023.11.26 15:57:33 WARN  no build target for: /Users/mingma/fireworks/src/main/scala/fireworks/Fireworks.scala
2023.11.26 15:57:55 WARN  no build target for: /Users/mingma/fireworks/src/main/scala/fireworks/Fireworks.scala
2023.11.26 15:58:00 WARN  no build target for: /Users/mingma/fireworks/src/main/scala/fireworks/Fireworks.scala
2023.11.26 16:07:46 WARN  no build target for: /Users/mingma/fireworks/src/main/scala/fireworks/Fireworks.scala
2023.11.26 16:14:25 WARN  no build target for: /Users/mingma/fireworks/src/main/scala/fireworks/Fireworks.scala
2023.11.26 16:15:33 WARN  no build target for: /Users/mingma/fireworks/src/main/scala/fireworks/Fireworks.scala
2023.11.26 16:15:49 WARN  no build target for: /Users/mingma/fireworks/src/main/scala/fireworks/Fireworks.scala
2023.11.26 16:15:52 WARN  no build target for: /Users/mingma/fireworks/src/main/scala/fireworks/Fireworks.scala
2023.11.26 16:18:48 WARN  Using indexes to guess the definition of next
2023.11.26 16:18:48 WARN  no build target for: /Users/mingma/fireworks/src/main/scala/fireworks/Fireworks.scala
2023.11.26 16:18:48 WARN  Using indexes to guess the definition of next
2023.11.26 16:18:50 WARN  Using indexes to guess the definition of next
2023.11.26 16:18:51 WARN  Using indexes to guess the definition of next
Nov. 26, 2023 4:18:51 PM org.eclipse.lsp4j.jsonrpc.RemoteEndpoint handleCancellation
WARNING: Unmatched cancel notification for request id 1245
2023.11.26 16:19:17 WARN  no build target for: /Users/mingma/fireworks/src/main/scala/fireworks/Fireworks.scala
2023.11.26 16:19:17 WARN  Using indexes to guess the definition of next
2023.11.26 16:19:22 WARN  no build target for: /Users/mingma/fireworks/src/main/scala/fireworks/Fireworks.scala
2023.11.26 16:24:43 WARN  no build target for: /Users/mingma/fireworks/src/main/scala/fireworks/Fireworks.scala
2023.11.26 16:25:01 WARN  no build target for: /Users/mingma/fireworks/src/main/scala/fireworks/Fireworks.scala
2023.11.26 16:26:39 WARN  no build target for: /Users/mingma/fireworks/src/main/scala/fireworks/Fireworks.scala
2023.11.26 16:26:51 WARN  Using indexes to guess the definition of next
2023.11.26 16:26:52 WARN  Using indexes to guess the definition of next
2023.11.26 16:27:17 WARN  no build target for: /Users/mingma/fireworks/src/main/scala/fireworks/Fireworks.scala
2023.11.26 16:30:47 WARN  no build target for: /Users/mingma/fireworks/src/main/scala/fireworks/Fireworks.scala
2023.11.26 16:31:57 WARN  no build target for: /Users/mingma/fireworks/src/main/scala/fireworks/Fireworks.scala
2023.11.26 16:33:31 WARN  no build target for: /Users/mingma/fireworks/src/main/scala/fireworks/Fireworks.scala
2023.11.26 16:34:01 WARN  no build target for: /Users/mingma/fireworks/src/main/scala/fireworks/Fireworks.scala
2023.11.26 16:34:01 WARN  no build target for: /Users/mingma/fireworks/src/main/scala/fireworks/Fireworks.scala
2023.11.26 16:34:19 WARN  no build target for: /Users/mingma/fireworks/src/main/scala/fireworks/Fireworks.scala
2023.11.26 16:34:19 WARN  no build target for: /Users/mingma/fireworks/src/main/scala/fireworks/Fireworks.scala
2023.11.26 16:34:27 WARN  no build target for: /Users/mingma/fireworks/src/main/scala/fireworks/Fireworks.scala
2023.11.26 16:35:02 WARN  no build target for: /Users/mingma/fireworks/src/main/scala/fireworks/Fireworks.scala
2023.11.26 16:36:21 WARN  no build target for: /Users/mingma/fireworks/src/main/scala/fireworks/Fireworks.scala
2023.11.26 16:36:46 WARN  no build target for: /Users/mingma/fireworks/src/main/scala/fireworks/Fireworks.scala
2023.11.26 16:37:55 WARN  no build target for: /Users/mingma/fireworks/src/main/scala/fireworks/Fireworks.scala
2023.11.26 16:38:39 WARN  no build target for: /Users/mingma/fireworks/src/main/scala/fireworks/Fireworks.scala
2023.11.26 16:38:41 WARN  no build target for: /Users/mingma/fireworks/src/main/scala/fireworks/Fireworks.scala
2023.11.26 16:44:45 WARN  no build target for: /Users/mingma/fireworks/src/main/scala/fireworks/Fireworks.scala
Nov. 26, 2023 5:53:25 PM org.eclipse.lsp4j.jsonrpc.services.GenericEndpoint notify
INFO: Unsupported notification method: $/setTrace
2023.11.26 18:08:02 WARN  no build target for: /Users/mingma/fireworks/src/main/scala/fireworks/Fireworks.scala
Exception in thread "pool-3-thread-1" java.lang.InterruptedException
	at scala.meta.internal.metals.FutureCancelToken.checkCanceled(FutureCancelToken.scala:29)
	at scala.meta.internal.pc.CompilerAccess.onCompilerJobQueue$$anonfun$1(CompilerAccess.scala:230)
	at scala.meta.internal.pc.CompilerJobQueue$Job.run(CompilerJobQueue.scala:152)
	at java.base/java.util.concurrent.ThreadPoolExecutor.runWorker(ThreadPoolExecutor.java:1128)
	at java.base/java.util.concurrent.ThreadPoolExecutor$Worker.run(ThreadPoolExecutor.java:628)
	at java.base/java.lang.Thread.run(Thread.java:834)
2023.11.26 18:09:38 WARN  no build target for: /Users/mingma/fireworks/src/main/scala/fireworks/Fireworks.scala
Exception in thread "pool-3-thread-2" java.lang.InterruptedException
	at scala.meta.internal.metals.FutureCancelToken.checkCanceled(FutureCancelToken.scala:29)
	at scala.meta.internal.pc.CompilerAccess.onCompilerJobQueue$$anonfun$1(CompilerAccess.scala:230)
	at scala.meta.internal.pc.CompilerJobQueue$Job.run(CompilerJobQueue.scala:152)
	at java.base/java.util.concurrent.ThreadPoolExecutor.runWorker(ThreadPoolExecutor.java:1128)
	at java.base/java.util.concurrent.ThreadPoolExecutor$Worker.run(ThreadPoolExecutor.java:628)
	at java.base/java.lang.Thread.run(Thread.java:834)
Nov. 26, 2023 6:14:58 PM org.eclipse.lsp4j.jsonrpc.RemoteEndpoint handleCancellation
WARNING: Unmatched cancel notification for request id 3342
2023.11.26 18:15:07 WARN  no build target for: /Users/mingma/fireworks/src/main/scala/fireworks/Fireworks.scala
2023.11.26 18:15:27 WARN  no build target for: /Users/mingma/fireworks/src/main/scala/fireworks/Fireworks.scala
2023.11.26 18:16:00 WARN  no build target for: /Users/mingma/fireworks/src/main/scala/fireworks/Fireworks.scala
2023.11.26 18:17:30 WARN  no build target for: /Users/mingma/fireworks/src/main/scala/fireworks/Fireworks.scala
2023.11.26 18:18:51 WARN  no build target for: /Users/mingma/fireworks/src/main/scala/fireworks/Fireworks.scala
2023.11.26 18:19:24 WARN  no build target for: /Users/mingma/fireworks/src/main/scala/fireworks/Fireworks.scala
2023.11.26 18:19:30 WARN  no build target for: /Users/mingma/fireworks/src/main/scala/fireworks/Fireworks.scala
2023.11.26 18:19:41 WARN  no build target for: /Users/mingma/fireworks/src/main/scala/fireworks/Fireworks.scala
Nov. 26, 2023 6:20:31 PM org.eclipse.lsp4j.jsonrpc.RemoteEndpoint handleNotification
WARNING: Notification threw an exception: {
  "jsonrpc": "2.0",
  "method": "metals/didFocusTextDocument",
  "params": [
    "untitled:Untitled-1"
  ]
}
java.lang.RuntimeException: java.lang.reflect.InvocationTargetException
	at org.eclipse.lsp4j.jsonrpc.services.GenericEndpoint.lambda$null$0(GenericEndpoint.java:67)
	at org.eclipse.lsp4j.jsonrpc.services.GenericEndpoint.notify(GenericEndpoint.java:152)
	at org.eclipse.lsp4j.jsonrpc.RemoteEndpoint.handleNotification(RemoteEndpoint.java:220)
	at org.eclipse.lsp4j.jsonrpc.RemoteEndpoint.consume(RemoteEndpoint.java:187)
	at org.eclipse.lsp4j.jsonrpc.json.StreamMessageProducer.handleMessage(StreamMessageProducer.java:194)
	at org.eclipse.lsp4j.jsonrpc.json.StreamMessageProducer.listen(StreamMessageProducer.java:94)
	at org.eclipse.lsp4j.jsonrpc.json.ConcurrentMessageProcessor.run(ConcurrentMessageProcessor.java:113)
	at java.base/java.util.concurrent.Executors$RunnableAdapter.call(Executors.java:515)
	at java.base/java.util.concurrent.FutureTask.run(FutureTask.java:264)
	at java.base/java.util.concurrent.ThreadPoolExecutor.runWorker(ThreadPoolExecutor.java:1128)
	at java.base/java.util.concurrent.ThreadPoolExecutor$Worker.run(ThreadPoolExecutor.java:628)
	at java.base/java.lang.Thread.run(Thread.java:834)
Caused by: java.lang.reflect.InvocationTargetException
	at java.base/jdk.internal.reflect.NativeMethodAccessorImpl.invoke0(Native Method)
	at java.base/jdk.internal.reflect.NativeMethodAccessorImpl.invoke(NativeMethodAccessorImpl.java:62)
	at java.base/jdk.internal.reflect.DelegatingMethodAccessorImpl.invoke(DelegatingMethodAccessorImpl.java:43)
	at java.base/java.lang.reflect.Method.invoke(Method.java:566)
	at org.eclipse.lsp4j.jsonrpc.services.GenericEndpoint.lambda$null$0(GenericEndpoint.java:65)
	... 11 more
Caused by: java.nio.file.FileSystemNotFoundException: Provider "untitled" not installed
	at java.base/java.nio.file.Path.of(Path.java:212)
	at java.base/java.nio.file.Paths.get(Paths.java:97)
	at scala.meta.internal.mtags.MtagsEnrichments$XtensionURIMtags.toAbsolutePath(MtagsEnrichments.scala:131)
	at scala.meta.internal.mtags.MtagsEnrichments$XtensionStringMtags.toAbsolutePath(MtagsEnrichments.scala:187)
	at scala.meta.internal.metals.MetalsEnrichments$XtensionString.toAbsolutePath(MetalsEnrichments.scala:645)
	at scala.meta.internal.metals.MetalsEnrichments$XtensionString.toAbsolutePath(MetalsEnrichments.scala:642)
	at scala.meta.internal.metals.WorkspaceLspService.didFocus(WorkspaceLspService.scala:608)
	at scala.meta.metals.lsp.DelegatingScalaService.didFocus(DelegatingScalaService.scala:43)
	... 16 more

2023.11.26 18:22:35 WARN  no build target for: /Users/mingma/fireworks/src/main/scala/fireworks/Fireworks.scala
2023.11.26 18:22:40 INFO  running '/Library/Java/JavaVirtualMachines/adoptopenjdk-11.jdk/Contents/Home/bin/java -Djline.terminal=jline.UnsupportedTerminal -Dsbt.log.noformat=true -Dfile.encoding=UTF-8 -jar /var/folders/2k/yqztx7j11_70cvfdxc0p1bl80000gn/T/metals9700431766577880701/sbt-launch.jar -Dbloop.export-jar-classifiers=sources bloopInstall'
2023.11.26 18:22:40 WARN  no build target for: /Users/mingma/fireworks/project/metals.sbt
2023.11.26 18:22:40 WARN  no build target for: /Users/mingma/fireworks/project/project/metals.sbt
2023.11.26 18:22:40 INFO  skipping build import with status 'Started'
2023.11.26 18:22:40 ERROR [info] [launcher] getting org.scala-sbt sbt 1.8.2  (this may take some time)...
2023.11.26 18:23:11 ERROR [info] [launcher] getting Scala 2.12.17 (for sbt)...
2023.11.26 18:23:13 INFO  [info] welcome to sbt 1.8.2 (AdoptOpenJDK Java 11.0.7)
2023.11.26 18:23:16 INFO  [info] loading settings for project fireworks-build-build-build from metals.sbt ...
2023.11.26 18:23:17 INFO  [info] loading project definition from /Users/mingma/fireworks/project/project/project
2023.11.26 18:23:22 INFO  [info] loading settings for project fireworks-build-build from metals.sbt ...
2023.11.26 18:23:22 INFO  [info] loading project definition from /Users/mingma/fireworks/project/project
2023.11.26 18:23:32 INFO  [success] Generated .bloop/fireworks-build-build.json
2023.11.26 18:23:32 INFO  [success] Total time: 10 s, completed 26 Nov. 2023, 6:23:32 pm
2023.11.26 18:23:34 INFO  [info] loading settings for project fireworks-build from buildSettings.sbt,metals.sbt,plugins.sbt ...
2023.11.26 18:23:34 INFO  [info] loading project definition from /Users/mingma/fireworks/project
2023.11.26 18:23:47 INFO  [success] Generated .bloop/fireworks-build.json
2023.11.26 18:23:47 INFO  [info] compiling 3 Scala sources to /Users/mingma/fireworks/project/target/scala-2.12/sbt-1.0/classes ...
2023.11.26 18:23:47 INFO  [info] Non-compiled module 'compiler-bridge_2.12' for Scala 2.12.17. Compiling...
2023.11.26 18:24:00 INFO  [info]   Compilation completed in 12.115s.
2023.11.26 18:24:03 INFO  [info] done compiling
2023.11.26 18:24:03 INFO  [success] Total time: 29 s, completed 26 Nov. 2023, 6:24:03 pm
2023.11.26 18:24:06 INFO  [info] loading settings for project fireworks from assignment.sbt,build.sbt ...
2023.11.26 18:24:07 INFO  [info] set current project to effective-scala-fireworks (in build file:/Users/mingma/fireworks/)
2023.11.26 18:24:39 INFO  [success] Generated .bloop/fireworks-test.json
2023.11.26 18:24:39 INFO  [success] Generated .bloop/fireworks.json
2023.11.26 18:24:39 INFO  [success] Total time: 32 s, completed 26 Nov. 2023, 6:24:39 pm
2023.11.26 18:24:39 INFO  time: ran 'sbt bloopInstall' in 1m59s
2023.11.26 18:24:39 INFO  Attempting to connect to the build server...
2023.11.26 18:24:39 INFO  Setting up current java home /Library/Java/JavaVirtualMachines/adoptopenjdk-11.jdk/Contents/Home in /Users/mingma/.bloop/bloop.json
2023.11.26 18:25:08 INFO  tracing is disabled for protocol BSP, to enable tracing of incoming and outgoing JSON messages create an empty file at /Users/mingma/fireworks/.metals/bsp.trace.json or /Users/mingma/Library/Caches/org.scalameta.metals/bsp.trace.json
2023.11.26 18:25:09 INFO  Attempting to connect to the build server...
2023.11.26 18:25:09 INFO  Bloop uses /Library/Java/JavaVirtualMachines/adoptopenjdk-11.jdk/Contents/Home defined at /Users/mingma/.bloop/bloop.json
2023.11.26 18:25:09 INFO  Attempting to connect to the build server...
2023.11.26 18:25:09 INFO  Bloop uses /Library/Java/JavaVirtualMachines/adoptopenjdk-11.jdk/Contents/Home defined at /Users/mingma/.bloop/bloop.json
2023.11.26 18:25:09 INFO  tracing is disabled for protocol BSP, to enable tracing of incoming and outgoing JSON messages create an empty file at /Users/mingma/fireworks/project/project/.metals/bsp.trace.json or /Users/mingma/Library/Caches/org.scalameta.metals/bsp.trace.json
2023.11.26 18:25:10 INFO  tracing is disabled for protocol BSP, to enable tracing of incoming and outgoing JSON messages create an empty file at /Users/mingma/fireworks/project/.metals/bsp.trace.json or /Users/mingma/Library/Caches/org.scalameta.metals/bsp.trace.json
2023.11.26 18:25:16 INFO  time: Connected to build server in 37s
2023.11.26 18:25:16 INFO  Connected to Build server: Bloop v1.5.11
2023.11.26 18:25:16 INFO  time: Imported build in 0.18s
2023.11.26 18:25:40 INFO  time: indexed workspace in 23s
2023.11.26 18:25:41 INFO  compiling fireworks (2 scala sources)
2023.11.26 18:25:46 INFO  time: compiled fireworks in 4.98s
2023.11.26 18:26:33 INFO  compiling fireworks (2 scala sources)
2023.11.26 18:26:33 INFO  time: compiled fireworks in 0.9s
2023.11.26 18:27:12 INFO  compiling fireworks (2 scala sources)
2023.11.26 18:27:13 INFO  time: compiled fireworks in 1.06s
2023.11.26 18:27:31 INFO  compiling fireworks (2 scala sources)
2023.11.26 18:27:31 INFO  time: compiled fireworks in 0.63s
2023.11.26 18:27:45 INFO  compiling fireworks (2 scala sources)
2023.11.26 18:27:45 INFO  time: compiled fireworks in 0.44s
2023.11.26 18:28:10 INFO  compiling fireworks (2 scala sources)
2023.11.26 18:28:10 INFO  time: compiled fireworks in 0.35s
2023.11.26 18:28:16 INFO  compiling fireworks (2 scala sources)
2023.11.26 18:28:19 INFO  time: compiled fireworks in 2.86s
Nov. 26, 2023 6:28:50 PM org.eclipse.lsp4j.jsonrpc.RemoteEndpoint handleNotification
WARNING: Notification threw an exception: {
  "jsonrpc": "2.0",
  "method": "metals/didFocusTextDocument",
  "params": [
    "untitled:Untitled-1"
  ]
}
java.lang.RuntimeException: java.lang.reflect.InvocationTargetException
	at org.eclipse.lsp4j.jsonrpc.services.GenericEndpoint.lambda$null$0(GenericEndpoint.java:67)
	at org.eclipse.lsp4j.jsonrpc.services.GenericEndpoint.notify(GenericEndpoint.java:152)
	at org.eclipse.lsp4j.jsonrpc.RemoteEndpoint.handleNotification(RemoteEndpoint.java:220)
	at org.eclipse.lsp4j.jsonrpc.RemoteEndpoint.consume(RemoteEndpoint.java:187)
	at org.eclipse.lsp4j.jsonrpc.json.StreamMessageProducer.handleMessage(StreamMessageProducer.java:194)
	at org.eclipse.lsp4j.jsonrpc.json.StreamMessageProducer.listen(StreamMessageProducer.java:94)
	at org.eclipse.lsp4j.jsonrpc.json.ConcurrentMessageProcessor.run(ConcurrentMessageProcessor.java:113)
	at java.base/java.util.concurrent.Executors$RunnableAdapter.call(Executors.java:515)
	at java.base/java.util.concurrent.FutureTask.run(FutureTask.java:264)
	at java.base/java.util.concurrent.ThreadPoolExecutor.runWorker(ThreadPoolExecutor.java:1128)
	at java.base/java.util.concurrent.ThreadPoolExecutor$Worker.run(ThreadPoolExecutor.java:628)
	at java.base/java.lang.Thread.run(Thread.java:834)
Caused by: java.lang.reflect.InvocationTargetException
	at java.base/jdk.internal.reflect.NativeMethodAccessorImpl.invoke0(Native Method)
	at java.base/jdk.internal.reflect.NativeMethodAccessorImpl.invoke(NativeMethodAccessorImpl.java:62)
	at java.base/jdk.internal.reflect.DelegatingMethodAccessorImpl.invoke(DelegatingMethodAccessorImpl.java:43)
	at java.base/java.lang.reflect.Method.invoke(Method.java:566)
	at org.eclipse.lsp4j.jsonrpc.services.GenericEndpoint.lambda$null$0(GenericEndpoint.java:65)
	... 11 more
Caused by: java.nio.file.FileSystemNotFoundException: Provider "untitled" not installed
	at java.base/java.nio.file.Path.of(Path.java:212)
	at java.base/java.nio.file.Paths.get(Paths.java:97)
	at scala.meta.internal.mtags.MtagsEnrichments$XtensionURIMtags.toAbsolutePath(MtagsEnrichments.scala:131)
	at scala.meta.internal.mtags.MtagsEnrichments$XtensionStringMtags.toAbsolutePath(MtagsEnrichments.scala:187)
	at scala.meta.internal.metals.MetalsEnrichments$XtensionString.toAbsolutePath(MetalsEnrichments.scala:645)
	at scala.meta.internal.metals.MetalsEnrichments$XtensionString.toAbsolutePath(MetalsEnrichments.scala:642)
	at scala.meta.internal.metals.WorkspaceLspService.didFocus(WorkspaceLspService.scala:608)
	at scala.meta.metals.lsp.DelegatingScalaService.didFocus(DelegatingScalaService.scala:43)
	... 16 more

Nov. 26, 2023 6:28:57 PM scala.meta.internal.pc.CompilerAccess handleError
SEVERE: A severe compiler error occurred, full details of the error can be found in the error report /Users/mingma/fireworks/.metals/.reports/metals-full/2023-11-26/r_compiler-error_(fireworks)_18-28-57-034.md
2023.11.26 18:28:57 WARN  Could not find semantic tokens for: file:///Users/mingma/fireworks/src/main/scala/fireworks/FireworksRunner.scala
2023.11.26 18:29:02 INFO  compiling fireworks-test (2 scala sources)
2023.11.26 18:29:04 INFO  time: compiled fireworks-test in 1.85s
2023.11.26 18:29:21 INFO  tracing is disabled for protocol dap-server, to enable tracing of incoming and outgoing JSON messages create an empty file at /Users/mingma/fireworks/.metals/dap-server.trace.json or /Users/mingma/Library/Caches/org.scalameta.metals/dap-server.trace.json
2023.11.26 18:29:21 INFO  tracing is disabled for protocol dap-client, to enable tracing of incoming and outgoing JSON messages create an empty file at /Users/mingma/fireworks/.metals/dap-client.trace.json or /Users/mingma/Library/Caches/org.scalameta.metals/dap-client.trace.json
2023.11.26 18:29:21 INFO  Starting debug proxy for [fireworks.FireworksSuite()]
2023.11.26 18:29:22 INFO  Trying to attach to remote debuggee VM localhost:55148 .
2023.11.26 18:29:22 INFO  Attaching to debuggee VM succeeded.
2023.11.26 18:29:24 INFO  Canceling debug proxy for [fireworks.FireworksSuite()]
2023.11.26 18:29:24 INFO  Closing debug server tcp://0.0.0.0:55142
Nov. 26, 2023 6:37:11 PM org.eclipse.lsp4j.jsonrpc.RemoteEndpoint handleCancellation
WARNING: Unmatched cancel notification for request id 4163
Nov. 26, 2023 6:37:13 PM scala.meta.internal.pc.CompilerAccess handleError
SEVERE: A severe compiler error occurred, full details of the error can be found in the error report /Users/mingma/fireworks/.metals/.reports/metals-full/2023-11-26/r_compiler-error_(fireworks)_18-37-13-591.md
2023.11.26 18:37:13 WARN  Could not find semantic tokens for: file:///Users/mingma/fireworks/src/main/scala/fireworks/FireworksRunner.scala
